<?xml version="1.0" encoding="UTF-8"?>
<!-- Generated by org.testng.reporters.JUnitXMLReporter -->
<testsuite hostname="2UA3282G7P" ignored="0" name="Test" tests="2" failures="0" timestamp="15 Nov 2017 08:13:45 GMT" time="10.247" errors="0">
  <testcase name="@AfterMethod EndTest" time="0.0" classname="JenkinsJobs.JenkinsShow">
    <failure type="java.lang.NullPointerException">
      <![CDATA[java.lang.NullPointerException
	at JenkinsJobs.JenkinsShow.EndTest(JenkinsShow.java:68)
... Removed 27 stack frames]]>
    </failure>
  </testcase> <!-- @AfterMethod EndTest -->
  <testcase name="@AfterMethod EndTest" time="0.0" classname="JenkinsJobs.JenkinsShow">
    <skipped/>
  </testcase> <!-- @AfterMethod EndTest -->
  <testcase name="demo" time="10.219" classname="JenkinsJobs.JenkinsShow"/>
  <testcase name="demo2" time="0.0" classname="JenkinsJobs.JenkinsShow">
    <skipped/>
  </testcase> <!-- demo2 -->
</testsuite> <!-- Test -->
