<?xml version="1.0" encoding="UTF-8"?>
<testng-results skipped="0" failed="0" ignored="0" total="2" passed="2">
  <reporter-output>
  </reporter-output>
  <suite name="Suite" duration-ms="23206" started-at="2017-11-15T07:50:13Z" finished-at="2017-11-15T07:50:36Z">
    <groups>
    </groups>
    <test name="Test" duration-ms="23206" started-at="2017-11-15T07:50:13Z" finished-at="2017-11-15T07:50:36Z">
      <class name="JenkinsJobs.JenkinsShow">
        <test-method status="PASS" signature="demo()[pri:0, instance:JenkinsJobs.JenkinsShow@93dd95]" name="demo" duration-ms="14249" started-at="2017-11-15T02:50:13Z" finished-at="2017-11-15T02:50:27Z">
          <reporter-output>
          </reporter-output>
        </test-method> <!-- demo -->
        <test-method status="PASS" signature="demo2()[pri:0, instance:JenkinsJobs.JenkinsShow@93dd95]" name="demo2" duration-ms="8937" started-at="2017-11-15T02:50:27Z" finished-at="2017-11-15T02:50:36Z">
          <reporter-output>
          </reporter-output>
        </test-method> <!-- demo2 -->
      </class> <!-- JenkinsJobs.JenkinsShow -->
    </test> <!-- Test -->
  </suite> <!-- Suite -->
</testng-results>
