<?xml version="1.0" encoding="UTF-8"?>
<testng-results skipped="0" failed="0" ignored="0" total="1" passed="1">
  <reporter-output>
  </reporter-output>
  <suite name="Default suite" duration-ms="49" started-at="2017-11-14T11:59:32Z" finished-at="2017-11-14T11:59:32Z">
    <groups>
    </groups>
    <test name="Default test" duration-ms="49" started-at="2017-11-14T11:59:32Z" finished-at="2017-11-14T11:59:32Z">
      <class name="JenkinsServices.JenkinsJobs">
        <test-method status="PASS" signature="demo()[pri:0, instance:JenkinsServices.JenkinsJobs@d2e7d9]" name="demo" duration-ms="9" started-at="2017-11-14T06:59:32Z" finished-at="2017-11-14T06:59:32Z">
          <reporter-output>
          </reporter-output>
        </test-method> <!-- demo -->
      </class> <!-- JenkinsServices.JenkinsJobs -->
    </test> <!-- Default test -->
  </suite> <!-- Default suite -->
</testng-results>
